cwoproject/cwo project/mobile_sdk/SalesforceMobileSDK-Android/libs/SalesforceSDK/build/outputs/logs/manifest-merger-debug-report.txt
-- Merging decision tree log ---
manifest
ADDED from libs\SalesforceSDK\AndroidManifest.xml:3:1-126:12
INJECTED from libs\SalesforceSDK\AndroidManifest.xml:3:1-126:12
INJECTED from libs\SalesforceSDK\AndroidManifest.xml:3:1-126:12
INJECTED from libs\SalesforceSDK\AndroidManifest.xml:3:1-126:12
INJECTED from libs\SalesforceSDK\AndroidManifest.xml:3:1-126:12
INJECTED from libs\SalesforceSDK\AndroidManifest.xml:3:1-126:12
INJECTED from libs\SalesforceSDK\AndroidManifest.xml:3:1-126:12
	package
		ADDED from libs\SalesforceSDK\AndroidManifest.xml:4:2-37
		INJECTED from libs\SalesforceSDK\AndroidManifest.xml
		INJECTED from libs\SalesforceSDK\AndroidManifest.xml
	android:versionName
		ADDED from libs\SalesforceSDK\AndroidManifest.xml:6:2-29
		INJECTED from libs\SalesforceSDK\AndroidManifest.xml
		INJECTED from libs\SalesforceSDK\AndroidManifest.xml
	xmlns:android
		ADDED from libs\SalesforceSDK\AndroidManifest.xml:3:11-69
	android:versionCode
		ADDED from libs\SalesforceSDK\AndroidManifest.xml:5:2-26
		INJECTED from libs\SalesforceSDK\AndroidManifest.xml
		INJECTED from libs\SalesforceSDK\AndroidManifest.xml
uses-sdk
ADDED from libs\SalesforceSDK\AndroidManifest.xml:8:5-9:41
	android:targetSdkVersion
		ADDED from libs\SalesforceSDK\AndroidManifest.xml:9:9-38
	android:minSdkVersion
		ADDED from libs\SalesforceSDK\AndroidManifest.xml:8:15-41
application
ADDED from libs\SalesforceSDK\AndroidManifest.xml:11:5-115:19
meta-data#android.content.APP_RESTRICTIONS
ADDED from libs\SalesforceSDK\AndroidManifest.xml:14:9-15:56
	android:resource
		ADDED from libs\SalesforceSDK\AndroidManifest.xml:15:13-53
	android:name
		ADDED from libs\SalesforceSDK\AndroidManifest.xml:14:20-67
service#com.salesforce.androidsdk.auth.AuthenticatorService
ADDED from libs\SalesforceSDK\AndroidManifest.xml:18:9-25:19
	android:exported
		ADDED from libs\SalesforceSDK\AndroidManifest.xml:18:18-41
	android:name
		ADDED from libs\SalesforceSDK\AndroidManifest.xml:19:13-79
intent-filter#action:name:android.accounts.AccountAuthenticator
ADDED from libs\SalesforceSDK\AndroidManifest.xml:20:13-22:29
action#android.accounts.AccountAuthenticator
ADDED from libs\SalesforceSDK\AndroidManifest.xml:21:17-80
	android:name
		ADDED from libs\SalesforceSDK\AndroidManifest.xml:21:25-77
meta-data#android.accounts.AccountAuthenticator
ADDED from libs\SalesforceSDK\AndroidManifest.xml:23:13-24:57
	android:resource
		ADDED from libs\SalesforceSDK\AndroidManifest.xml:24:17-54
	android:name
		ADDED from libs\SalesforceSDK\AndroidManifest.xml:23:24-76
activity#com.salesforce.androidsdk.ui.LoginActivity
ADDED from libs\SalesforceSDK\AndroidManifest.xml:33:9-35:51
	android:launchMode
		ADDED from libs\SalesforceSDK\AndroidManifest.xml:35:13-48
	android:theme
		ADDED from libs\SalesforceSDK\AndroidManifest.xml:34:13-64
	android:name
		ADDED from libs\SalesforceSDK\AndroidManifest.xml:33:19-76
activity#com.salesforce.androidsdk.ui.PasscodeActivity
ADDED from libs\SalesforceSDK\AndroidManifest.xml:38:9-40:40
	android:exported
		ADDED from libs\SalesforceSDK\AndroidManifest.xml:40:13-37
	android:theme
		ADDED from libs\SalesforceSDK\AndroidManifest.xml:39:13-64
	android:name
		ADDED from libs\SalesforceSDK\AndroidManifest.xml:38:19-79
activity#com.salesforce.androidsdk.ui.ManageSpaceActivity
ADDED from libs\SalesforceSDK\AndroidManifest.xml:43:9-45:67
	android:excludeFromRecents
		ADDED from libs\SalesforceSDK\AndroidManifest.xml:44:13-46
	android:theme
		ADDED from libs\SalesforceSDK\AndroidManifest.xml:45:13-64
	android:name
		ADDED from libs\SalesforceSDK\AndroidManifest.xml:43:19-82
activity#com.salesforce.androidsdk.ui.ServerPickerActivity
ADDED from libs\SalesforceSDK\AndroidManifest.xml:48:9-50:67
	android:excludeFromRecents
		ADDED from libs\SalesforceSDK\AndroidManifest.xml:49:13-46
	android:theme
		ADDED from libs\SalesforceSDK\AndroidManifest.xml:50:13-64
	android:name
		ADDED from libs\SalesforceSDK\AndroidManifest.xml:48:19-83
activity#com.salesforce.androidsdk.ui.AccountSwitcherActivity
ADDED from libs\SalesforceSDK\AndroidManifest.xml:53:9-55:67
	android:excludeFromRecents
		ADDED from libs\SalesforceSDK\AndroidManifest.xml:54:13-46
	android:theme
		ADDED from libs\SalesforceSDK\AndroidManifest.xml:55:13-64
	android:name
		ADDED from libs\SalesforceSDK\AndroidManifest.xml:53:19-86
activity#com.salesforce.androidsdk.auth.idp.IDPCodeGeneratorActivity
ADDED from libs\SalesforceSDK\AndroidManifest.xml:58:9-61:40
	android:excludeFromRecents
		ADDED from libs\SalesforceSDK\AndroidManifest.xml:59:13-46
	android:exported
		ADDED from libs\SalesforceSDK\AndroidManifest.xml:61:13-37
	android:theme
		ADDED from libs\SalesforceSDK\AndroidManifest.xml:60:13-64
	android:name
		ADDED from libs\SalesforceSDK\AndroidManifest.xml:58:19-93
activity#com.salesforce.androidsdk.ui.DevInfoActivity
ADDED from libs\SalesforceSDK\AndroidManifest.xml:64:9-66:40
	android:exported
		ADDED from libs\SalesforceSDK\AndroidManifest.xml:66:13-37
	android:theme
		ADDED from libs\SalesforceSDK\AndroidManifest.xml:65:13-64
	android:name
		ADDED from libs\SalesforceSDK\AndroidManifest.xml:64:19-78
receiver#com.salesforce.androidsdk.auth.idp.IDPInititatedLoginReceiver
ADDED from libs\SalesforceSDK\AndroidManifest.xml:69:9-75:20
	android:exported
		ADDED from libs\SalesforceSDK\AndroidManifest.xml:70:13-36
	android:name
		ADDED from libs\SalesforceSDK\AndroidManifest.xml:69:19-95
intent-filter#action:name:com.salesforce.IDP_LOGIN_REQUEST+category:name:android.intent.category.DEFAULT
ADDED from libs\SalesforceSDK\AndroidManifest.xml:71:13-74:29
action#com.salesforce.IDP_LOGIN_REQUEST
ADDED from libs\SalesforceSDK\AndroidManifest.xml:72:17-75
	android:name
		ADDED from libs\SalesforceSDK\AndroidManifest.xml:72:25-72
category#android.intent.category.DEFAULT
ADDED from libs\SalesforceSDK\AndroidManifest.xml:73:17-76
	android:name
		ADDED from libs\SalesforceSDK\AndroidManifest.xml:73:27-73
receiver#com.google.android.gms.gcm.GcmReceiver
ADDED from libs\SalesforceSDK\AndroidManifest.xml:82:9-89:20
	android:exported
		ADDED from libs\SalesforceSDK\AndroidManifest.xml:83:13-36
	android:permission
		ADDED from libs\SalesforceSDK\AndroidManifest.xml:84:13-73
	android:name
		ADDED from libs\SalesforceSDK\AndroidManifest.xml:82:19-72
intent-filter#action:name:com.google.android.c2dm.intent.RECEIVE+category:name:${applicationId}
ADDED from libs\SalesforceSDK\AndroidManifest.xml:85:13-88:29
action#com.google.android.c2dm.intent.RECEIVE
ADDED from libs\SalesforceSDK\AndroidManifest.xml:86:17-81
	android:name
		ADDED from libs\SalesforceSDK\AndroidManifest.xml:86:25-78
category#${applicationId}
ADDED from libs\SalesforceSDK\AndroidManifest.xml:87:17-61
	android:name
		ADDED from libs\SalesforceSDK\AndroidManifest.xml:87:27-58
service#com.salesforce.androidsdk.push.SFDCGcmListenerService
ADDED from libs\SalesforceSDK\AndroidManifest.xml:91:9-96:19
	android:exported
		ADDED from libs\SalesforceSDK\AndroidManifest.xml:92:13-37
	android:name
		ADDED from libs\SalesforceSDK\AndroidManifest.xml:91:18-86
intent-filter#action:name:com.google.android.c2dm.intent.RECEIVE
ADDED from libs\SalesforceSDK\AndroidManifest.xml:93:13-95:29
service#com.salesforce.androidsdk.push.SFDCInstanceIDListenerService
ADDED from libs\SalesforceSDK\AndroidManifest.xml:98:9-103:19
	android:exported
		ADDED from libs\SalesforceSDK\AndroidManifest.xml:99:13-37
	android:name
		ADDED from libs\SalesforceSDK\AndroidManifest.xml:98:18-93
intent-filter#action:name:com.google.android.gms.iid.InstanceID
ADDED from libs\SalesforceSDK\AndroidManifest.xml:100:13-102:29
action#com.google.android.gms.iid.InstanceID
ADDED from libs\SalesforceSDK\AndroidManifest.xml:101:17-80
	android:name
		ADDED from libs\SalesforceSDK\AndroidManifest.xml:101:25-77
service#com.salesforce.androidsdk.push.SFDCRegistrationIntentService
ADDED from libs\SalesforceSDK\AndroidManifest.xml:105:9-107:19
	android:exported
		ADDED from libs\SalesforceSDK\AndroidManifest.xml:106:13-37
	android:name
		ADDED from libs\SalesforceSDK\AndroidManifest.xml:105:18-93
receiver#com.salesforce.androidsdk.push.PushService$SFDCRegistrationRetryAlarmReceiver
ADDED from libs\SalesforceSDK\AndroidManifest.xml:109:9-110:40
	android:exported
		ADDED from libs\SalesforceSDK\AndroidManifest.xml:110:13-37
	android:name
		ADDED from libs\SalesforceSDK\AndroidManifest.xml:109:19-111
service#com.salesforce.androidsdk.push.PushService
ADDED from libs\SalesforceSDK\AndroidManifest.xml:111:9-112:40
	android:exported
		ADDED from libs\SalesforceSDK\AndroidManifest.xml:112:13-37
	android:name
		ADDED from libs\SalesforceSDK\AndroidManifest.xml:111:18-75
service#com.salesforce.androidsdk.analytics.AnalyticsPublisherService
ADDED from libs\SalesforceSDK\AndroidManifest.xml:113:9-114:40
	android:exported
		ADDED from libs\SalesforceSDK\AndroidManifest.xml:114:13-37
	android:name
		ADDED from libs\SalesforceSDK\AndroidManifest.xml:113:18-94
uses-permission#android.permission.AUTHENTICATE_ACCOUNTS
ADDED from libs\SalesforceSDK\AndroidManifest.xml:117:5-80
	android:name
		ADDED from libs\SalesforceSDK\AndroidManifest.xml:117:22-77
uses-permission#android.permission.GET_ACCOUNTS
ADDED from libs\SalesforceSDK\AndroidManifest.xml:118:5-71
	android:name
		ADDED from libs\SalesforceSDK\AndroidManifest.xml:118:22-68
uses-permission#android.permission.MANAGE_ACCOUNTS
ADDED from libs\SalesforceSDK\AndroidManifest.xml:119:5-74
	android:name
		ADDED from libs\SalesforceSDK\AndroidManifest.xml:119:22-71
uses-permission#android.permission.USE_CREDENTIALS
ADDED from libs\SalesforceSDK\AndroidManifest.xml:120:5-74
	android:name
		ADDED from libs\SalesforceSDK\AndroidManifest.xml:120:22-71
uses-permission#android.permission.WAKE_LOCK
ADDED from libs\SalesforceSDK\AndroidManifest.xml:121:5-68
	android:name
		ADDED from libs\SalesforceSDK\AndroidManifest.xml:121:22-65
uses-permission#com.google.android.c2dm.permission.RECEIVE
ADDED from libs\SalesforceSDK\AndroidManifest.xml:122:5-82
	android:name
		ADDED from libs\SalesforceSDK\AndroidManifest.xml:122:22-79
uses-permission-sdk-23#android.permission.USE_FINGERPRINT
ADDED from libs\SalesforceSDK\AndroidManifest.xml:125:5-81
	android:name
		ADDED from libs\SalesforceSDK\AndroidManifest.xml:125:29-78